2022-10-12 18:32:46,576  INFO [main] EmployeesRestAPI:18 - ******** Started TC001_Get_All_Employees **********
2022-10-12 18:32:48,645 DEBUG [main] BasicClientConnectionManager:161 - Get connection for route {}->http://dummy.restapiexample.com:80
2022-10-12 18:32:48,680 DEBUG [main] DefaultClientConnectionOperator:177 - Connecting to dummy.restapiexample.com:80
2022-10-12 18:32:48,758 DEBUG [main] RequestAddCookies:123 - CookieSpec selected: ignoreCookies
2022-10-12 18:32:48,760 DEBUG [main] RequestAuthCache:77 - Auth cache not set in the context
2022-10-12 18:32:48,761 DEBUG [main] RequestTargetAuthentication:80 - Target auth state: UNCHALLENGED
2022-10-12 18:32:48,762 DEBUG [main] RequestProxyAuthentication:89 - Proxy auth state: UNCHALLENGED
2022-10-12 18:32:48,764 DEBUG [main] DefaultHttpClient:677 - Attempt 1 to execute request
2022-10-12 18:32:48,765 DEBUG [main] DefaultClientConnection:274 - Sending request: GET /api/v1/employees HTTP/1.1
2022-10-12 18:32:48,767 DEBUG [main] wire:73 -  >> "GET /api/v1/employees HTTP/1.1[\r][\n]"
2022-10-12 18:32:48,770 DEBUG [main] wire:73 -  >> "Accept: */*[\r][\n]"
2022-10-12 18:32:48,771 DEBUG [main] wire:73 -  >> "Host: dummy.restapiexample.com[\r][\n]"
2022-10-12 18:32:48,774 DEBUG [main] wire:73 -  >> "Connection: Keep-Alive[\r][\n]"
2022-10-12 18:32:48,774 DEBUG [main] wire:73 -  >> "User-Agent: Apache-HttpClient/4.5.13 (Java/17.0.3.1)[\r][\n]"
2022-10-12 18:32:48,775 DEBUG [main] wire:73 -  >> "Accept-Encoding: gzip,deflate[\r][\n]"
2022-10-12 18:32:48,777 DEBUG [main] wire:73 -  >> "[\r][\n]"
2022-10-12 18:32:48,780 DEBUG [main] headers:278 - >> GET /api/v1/employees HTTP/1.1
2022-10-12 18:32:48,781 DEBUG [main] headers:281 - >> Accept: */*
2022-10-12 18:32:48,782 DEBUG [main] headers:281 - >> Host: dummy.restapiexample.com
2022-10-12 18:32:48,783 DEBUG [main] headers:281 - >> Connection: Keep-Alive
2022-10-12 18:32:48,784 DEBUG [main] headers:281 - >> User-Agent: Apache-HttpClient/4.5.13 (Java/17.0.3.1)
2022-10-12 18:32:48,785 DEBUG [main] headers:281 - >> Accept-Encoding: gzip,deflate
2022-10-12 18:32:49,538 DEBUG [main] wire:73 -  << "HTTP/1.1 200 OK[\r][\n]"
2022-10-12 18:32:49,544 DEBUG [main] wire:73 -  << "Cache-Control: no-cache, private, max-age=21600[\r][\n]"
2022-10-12 18:32:49,546 DEBUG [main] wire:73 -  << "Content-Encoding: gzip[\r][\n]"
2022-10-12 18:32:49,548 DEBUG [main] wire:73 -  << "Content-Type: application/json[\r][\n]"
2022-10-12 18:32:49,550 DEBUG [main] wire:73 -  << "Date: Wed, 12 Oct 2022 13:02:49 GMT[\r][\n]"
2022-10-12 18:32:49,553 DEBUG [main] wire:73 -  << "Display: staticcontent_sol[\r][\n]"
2022-10-12 18:32:49,554 DEBUG [main] wire:73 -  << "Expires: Wed, 12 Oct 2022 19:02:49 GMT[\r][\n]"
2022-10-12 18:32:49,557 DEBUG [main] wire:73 -  << "Host-Header: c2hhcmVkLmJsdWVob3N0LmNvbQ==[\r][\n]"
2022-10-12 18:32:49,558 DEBUG [main] wire:73 -  << "Response: 200[\r][\n]"
2022-10-12 18:32:49,559 DEBUG [main] wire:73 -  << "Server: nginx/1.21.6[\r][\n]"
2022-10-12 18:32:49,560 DEBUG [main] wire:73 -  << "Vary: Accept-Encoding,User-Agent,Origin[\r][\n]"
2022-10-12 18:32:49,562 DEBUG [main] wire:73 -  << "X-Endurance-Cache-Level: 2[\r][\n]"
2022-10-12 18:32:49,564 DEBUG [main] wire:73 -  << "X-Ezoic-Cdn: Miss[\r][\n]"
2022-10-12 18:32:49,566 DEBUG [main] wire:73 -  << "X-Middleton-Display: staticcontent_sol[\r][\n]"
2022-10-12 18:32:49,568 DEBUG [main] wire:73 -  << "X-Middleton-Response: 200[\r][\n]"
2022-10-12 18:32:49,571 DEBUG [main] wire:73 -  << "X-Nginx-Cache: WordPress[\r][\n]"
2022-10-12 18:32:49,574 DEBUG [main] wire:73 -  << "X-Origin-Cache-Control: no-cache, private[\r][\n]"
2022-10-12 18:32:49,575 DEBUG [main] wire:73 -  << "X-Ratelimit-Limit: 60[\r][\n]"
2022-10-12 18:32:49,575 DEBUG [main] wire:73 -  << "X-Ratelimit-Remaining: 58[\r][\n]"
2022-10-12 18:32:49,576 DEBUG [main] wire:73 -  << "X-Server-Cache: false[\r][\n]"
2022-10-12 18:32:49,577 DEBUG [main] wire:73 -  << "X-Sol: pub_site[\r][\n]"
2022-10-12 18:32:49,579 DEBUG [main] wire:73 -  << "Transfer-Encoding: chunked[\r][\n]"
2022-10-12 18:32:49,580 DEBUG [main] wire:73 -  << "[\r][\n]"
2022-10-12 18:32:49,590 DEBUG [main] DefaultClientConnection:259 - Receiving response: HTTP/1.1 200 OK
2022-10-12 18:32:49,591 DEBUG [main] headers:262 - << HTTP/1.1 200 OK
2022-10-12 18:32:49,592 DEBUG [main] headers:265 - << Cache-Control: no-cache, private, max-age=21600
2022-10-12 18:32:49,594 DEBUG [main] headers:265 - << Content-Encoding: gzip
2022-10-12 18:32:49,596 DEBUG [main] headers:265 - << Content-Type: application/json
2022-10-12 18:32:49,597 DEBUG [main] headers:265 - << Date: Wed, 12 Oct 2022 13:02:49 GMT
2022-10-12 18:32:49,598 DEBUG [main] headers:265 - << Display: staticcontent_sol
2022-10-12 18:32:49,600 DEBUG [main] headers:265 - << Expires: Wed, 12 Oct 2022 19:02:49 GMT
2022-10-12 18:32:49,600 DEBUG [main] headers:265 - << Host-Header: c2hhcmVkLmJsdWVob3N0LmNvbQ==
2022-10-12 18:32:49,602 DEBUG [main] headers:265 - << Response: 200
2022-10-12 18:32:49,602 DEBUG [main] headers:265 - << Server: nginx/1.21.6
2022-10-12 18:32:49,603 DEBUG [main] headers:265 - << Vary: Accept-Encoding,User-Agent,Origin
2022-10-12 18:32:49,604 DEBUG [main] headers:265 - << X-Endurance-Cache-Level: 2
2022-10-12 18:32:49,607 DEBUG [main] headers:265 - << X-Ezoic-Cdn: Miss
2022-10-12 18:32:49,608 DEBUG [main] headers:265 - << X-Middleton-Display: staticcontent_sol
2022-10-12 18:32:49,609 DEBUG [main] headers:265 - << X-Middleton-Response: 200
2022-10-12 18:32:49,610 DEBUG [main] headers:265 - << X-Nginx-Cache: WordPress
2022-10-12 18:32:49,612 DEBUG [main] headers:265 - << X-Origin-Cache-Control: no-cache, private
2022-10-12 18:32:49,614 DEBUG [main] headers:265 - << X-Ratelimit-Limit: 60
2022-10-12 18:32:49,616 DEBUG [main] headers:265 - << X-Ratelimit-Remaining: 58
2022-10-12 18:32:49,620 DEBUG [main] headers:265 - << X-Server-Cache: false
2022-10-12 18:32:49,621 DEBUG [main] headers:265 - << X-Sol: pub_site
2022-10-12 18:32:49,622 DEBUG [main] headers:265 - << Transfer-Encoding: chunked
2022-10-12 18:32:49,637 DEBUG [main] DefaultHttpClient:504 - Connection can be kept alive indefinitely
2022-10-12 18:32:49,647 DEBUG [main] RestAssuredHttpBuilder:553 - Parsing response as: application/json
2022-10-12 18:32:49,649 DEBUG [main] wire:73 -  << "26f[\r][\n]"
2022-10-12 18:32:49,650 DEBUG [main] wire:73 -  << "[0x1f][0x8b][0x8][0x0][0x0][0x0][0x0][0x0][0x0][0xff][0x94][0x96]OO[0x1b]=[0x10][0xc6][0xbf][0x8a]_[0x9f][0xa3]W[0xbb][0xf6][0xfe]Ir#A[0x4][0x95]R[0xb5][0x4][0x15]UU[0x85][0xa6][0xeb][0x81][0xb5][0xea][0xd8]h[0xec][0xa5]l[0x11][0xdf][0xbd][0xa2]\[0x90]<X[0xed]1[0xf1][0xe1][0xa7][0xc7][0xf3][0xcc][0xcf][0xfb](c[0x82]4E[0xb9][0x96]q[0x1a][0x6][0x8c]Q.[0xa4][0x81][0x4]r[0xfd][0xf5]QZ#[0xd7][0xf5]B[0xe2][0xe1][0xce][0x85][0x19][0xf1][0xda][0xc3][0x1][0xe5]Z^[0xda][$[0xf1][0xc1]>[0x4]/_[0x9d]Fp@[0xb3]\kU-[0xab][0xea][0xd5][0x1][0xdc][0xa2]\w[0xf5]B[0xde]Q[0xb8][0xb1][0xe][0xaf][0xed][0xe1][0xcf]_R>-^ *[0x87][0xec][0x80][0x8]S[0x12]W[0xd6]'[0xa4][0xc8][0x81][0xea][0xbe][0xea][0xdb][0x1c][0xa4][0xb] [0x9d][0x83][0x8e][0xe2][0x98][0x82][0x17][0xdb][0xf0][0xc0]1[0x96]][0xc5]d[0xe9][\n]"
2022-10-12 18:32:49,651 DEBUG [main] wire:73 -  << "[0x88]&Gl[0xd1][0x90][0x1d][0xc4][0x19]:7s[0x90]F[0xeb][0xaa][0xcb](J[0x15](-[0x13][0xc4][0x92][0x15]{Hab/[0xab]S}[0x9e]D[0x97].[0xab][0xcb][0x19][0x1b][0xb2][0xe8][0x1c][0x8a]+[0xeb][0x9c][0x85]C|[0xa3][0x1][0xbd][0xe2]n[0xad][0xd4][0x80]>g[0x9d]"Q0b;[0x82]7[0xe][0x89][\r][0xa5][0xfb]6[0x7][0xb5][0xab][0x2]h[0x99][0x83].[0xc6][0xe0]A[0x1c][0xc3][0xbd]5o[0x5]R[0xfd][0x8a][0xe1][0xb4][0x5][0xce][0x8a][0xa9]Ap[0xe][0xd1][0x8b][0xd3][0x89]b[0xe2]0[0xaa]j[0x99]8[0xba][0x14][0xa7][0xae]r[0xce]>[0xf8][0x19][0xc4][0x9][0x5][0x9e]RW[0xba][0xcb])[0xaa][0xd4][0x84][0x9a][0xb1][0xc0];[0xf4] v`=[0xb2][0xcb][0xb9][0xaa][0xda][0xbc][0xd2][0xba]*A[0x18][0xb]|[0x9a][0xac][0xf7][0xe2][0xc4][0xcd][0x9e][0x9f]K[0xc3][0x15][0xad][0xb8]85[0xa3][0x80][0xed][0x8]dP[0x9c][0x3][0xc5][0x11][0x9c]cW[0xb4][0xaf][0x98]K[0xd3]%[0x11][0xd4][0x8c][0x9]N[0xc1][0xe1],[0xce][0xd0]{4[0xac][\n]"
2022-10-12 18:32:49,651 DEBUG [main] wire:73 -  << "t[0xad][0x99][\n]"
2022-10-12 18:32:49,653 DEBUG [main] wire:87 -  << "4[0xc5][0xe1]0.[0xb8][0x84]4[0x83][0x7]qb[0xd3][0xaf];Hd[0x87][0x1f],m[0xd9]2[0x6][0xad][0x8b][0x85]c[0xac]pn[0x87][0x11][0xd0][0x89][0xbd]u[0xf7][0xc0]Vn[0xb5]dR[0x15]5Z3F[0xf8][0x8][0x93][0x13][0x9b][0x99][0xc][0xc7][0xe8]U[0xcb]I[0xa7])1[0x18][0x19][0xec]\ [0xb][0xe2][0xbd]M[0xc9]![0xbb][0xa4][0xff][0xee][0x9c][0x9a][0x91][0xc1][0x86][0xc0]<waG[0xf8][0x96][0xdb][0xb8]n7[0xc5]g[0x94][0x91][0xc1]1Xqa[0x3][0xbb][0xa3][0xaa][0xe6][0xa2][0xe8][0x92][0xd6][0x14]o[0x2]L[0x9][0xc5][0x16][0x9c][0xf9][0x89][0xfc][0xfe][0xe8][0x86][0x9b]N[0xd1][0x7][0x8a][0xf1][0xc1][0x97][0x89][0xac][0xd8] [0x11][0xbb]<][0xcf]A[0x9a]"[0x84][0xd3][0x1]`[0x4][0x12][0x9f][0xc1][0xf]l[0x3][0xea][0xaa]k[0xf2][0xad]Q[0xc5][0xc9]0.8[0xe]d[0xe3][0xf3]Kj[0xf8][0x2],[0xdb][0xbf][0xd6][0xf4][0xb7][0x85]<`[0x8c]/?[0xf7]/[0x1f]r7[0x93]s[0xf3][0xe2][0xc8]9A8[0x4]2Q[0x8c][0x10][0xc5][0xf7][0xe7][0x17][0xe8][0x6][0xd3]0[0xa2][0xf9]_>[0xfd][0x6][0x0][0x0][0xff][0xff]"
2022-10-12 18:32:49,653 DEBUG [main] wire:73 -  << "[\r][\n]"
2022-10-12 18:32:49,654 DEBUG [main] wire:73 -  << "d[\r][\n]"
2022-10-12 18:32:49,655 DEBUG [main] wire:73 -  << "[0x1][0x0][0x0][0xff][0xff]d[0x10]Q[0xa9][0x1][\n]"
2022-10-12 18:32:49,655 DEBUG [main] wire:87 -  << "[0x0][0x0]"
2022-10-12 18:32:49,656 DEBUG [main] wire:73 -  << "[\r][\n]"
2022-10-12 18:32:49,657 DEBUG [main] wire:73 -  << "0[\r][\n]"
2022-10-12 18:32:49,658 DEBUG [main] wire:73 -  << "[\r][\n]"
2022-10-12 18:32:49,659 DEBUG [main] RestAssuredHttpBuilder:556 - Parsed data to instance of: class org.apache.http.conn.EofSensorInputStream
2022-10-12 18:32:54,736  INFO [main] EmployeesRestAPI:95 - ************ Check Content Encoding ************
2022-10-12 18:32:54,738  INFO [main] EmployeesRestAPI:98 - Content Encoding is ==> gzip
2022-10-12 18:32:54,750  INFO [main] EmployeesRestAPI:106 - ************ Check Content Length ************
2022-10-12 18:32:54,750  INFO [main] EmployeesRestAPI:109 - Content Length is ==> null
2022-10-12 18:32:54,774  INFO [main] EmployeesRestAPI:73 - ************ Checking Content Type ************
2022-10-12 18:32:54,775  INFO [main] EmployeesRestAPI:76 - Content Type is ==> null
2022-10-12 18:32:54,793  INFO [main] EmployeesRestAPI:117 - ************ Check cookies ************
2022-10-12 18:32:54,798  INFO [main] EmployeesRestAPI:30 - ************ Checking Response Body ************
2022-10-12 18:32:54,823 DEBUG [main] BasicClientConnectionManager:200 - Releasing connection org.apache.http.impl.conn.ManagedClientConnectionImpl@3531f3ca
2022-10-12 18:32:54,823 DEBUG [main] BasicClientConnectionManager:225 - Connection can be kept alive indefinitely
2022-10-12 18:32:54,827  INFO [main] EmployeesRestAPI:33 - Response Body ==> {"status":"success","data":[{"id":1,"employee_name":"Tiger Nixon","employee_salary":320800,"employee_age":61,"profile_image":""},{"id":2,"employee_name":"Garrett Winters","employee_salary":170750,"employee_age":63,"profile_image":""},{"id":3,"employee_name":"Ashton Cox","employee_salary":86000,"employee_age":66,"profile_image":""},{"id":4,"employee_name":"Cedric Kelly","employee_salary":433060,"employee_age":22,"profile_image":""},{"id":5,"employee_name":"Airi Satou","employee_salary":162700,"employee_age":33,"profile_image":""},{"id":6,"employee_name":"Brielle Williamson","employee_salary":372000,"employee_age":61,"profile_image":""},{"id":7,"employee_name":"Herrod Chandler","employee_salary":137500,"employee_age":59,"profile_image":""},{"id":8,"employee_name":"Rhona Davidson","employee_salary":327900,"employee_age":55,"profile_image":""},{"id":9,"employee_name":"Colleen Hurst","employee_salary":205500,"employee_age":39,"profile_image":""},{"id":10,"employee_name":"Sonya Frost","employee_salary":103600,"employee_age":23,"profile_image":""},{"id":11,"employee_name":"Jena Gaines","employee_salary":90560,"employee_age":30,"profile_image":""},{"id":12,"employee_name":"Quinn Flynn","employee_salary":342000,"employee_age":22,"profile_image":""},{"id":13,"employee_name":"Charde Marshall","employee_salary":470600,"employee_age":36,"profile_image":""},{"id":14,"employee_name":"Haley Kennedy","employee_salary":313500,"employee_age":43,"profile_image":""},{"id":15,"employee_name":"Tatyana Fitzpatrick","employee_salary":385750,"employee_age":19,"profile_image":""},{"id":16,"employee_name":"Michael Silva","employee_salary":198500,"employee_age":66,"profile_image":""},{"id":17,"employee_name":"Paul Byrd","employee_salary":725000,"employee_age":64,"profile_image":""},{"id":18,"employee_name":"Gloria Little","employee_salary":237500,"employee_age":59,"profile_image":""},{"id":19,"employee_name":"Bradley Greer","employee_salary":132000,"employee_age":41,"profile_image":""},{"id":20,"employee_name":"Dai Rios","employee_salary":217500,"employee_age":35,"profile_image":""},{"id":21,"employee_name":"Jenette Caldwell","employee_salary":345000,"employee_age":30,"profile_image":""},{"id":22,"employee_name":"Yuri Berry","employee_salary":675000,"employee_age":40,"profile_image":""},{"id":23,"employee_name":"Caesar Vance","employee_salary":106450,"employee_age":21,"profile_image":""},{"id":24,"employee_name":"Doris Wilder","employee_salary":85600,"employee_age":23,"profile_image":""}],"message":"Successfully! All records has been fetched."}
2022-10-12 18:32:54,831  INFO [main] EmployeesRestAPI:51 - ************ Checking Response Time ************
2022-10-12 18:32:54,834  INFO [main] EmployeesRestAPI:54 - Response Time is ==> 1591
2022-10-12 18:32:54,837  INFO [main] EmployeesRestAPI:84 - ************ Check Server Type ************
2022-10-12 18:32:54,837  INFO [main] EmployeesRestAPI:87 - Server Type is ==> nginx/1.21.6
2022-10-12 18:32:54,842  INFO [main] EmployeesRestAPI:40 - ************ Checking Status Code ************
2022-10-12 18:32:54,843  INFO [main] EmployeesRestAPI:43 - Status Code is ==> 200
2022-10-12 18:32:54,846  INFO [main] EmployeesRestAPI:62 - ************ Checking Status Line ************
2022-10-12 18:32:54,847  INFO [main] EmployeesRestAPI:65 - Status Line is ==> HTTP/1.1 200 OK
2022-10-12 18:32:54,853  INFO [main] EmployeesRestAPI:127 - ************ Finished TC001 Get_All_Employees ************
2022-10-12 18:32:54,868  INFO [main] EmployeesRestAPI:19 - ******** Started TC002_Get_Single_Employees_Record **********
2022-10-12 18:32:54,901 DEBUG [main] BasicClientConnectionManager:161 - Get connection for route {}->http://dummy.restapiexample.com:80
2022-10-12 18:32:54,902 DEBUG [main] DefaultClientConnectionOperator:177 - Connecting to dummy.restapiexample.com:80
2022-10-12 18:32:54,935 DEBUG [main] RequestAddCookies:123 - CookieSpec selected: ignoreCookies
2022-10-12 18:32:54,936 DEBUG [main] RequestAuthCache:77 - Auth cache not set in the context
2022-10-12 18:32:54,937 DEBUG [main] RequestTargetAuthentication:80 - Target auth state: UNCHALLENGED
2022-10-12 18:32:54,937 DEBUG [main] RequestProxyAuthentication:89 - Proxy auth state: UNCHALLENGED
2022-10-12 18:32:54,939 DEBUG [main] DefaultHttpClient:677 - Attempt 1 to execute request
2022-10-12 18:32:54,940 DEBUG [main] DefaultClientConnection:274 - Sending request: GET /api/v1/employee/5803 HTTP/1.1
2022-10-12 18:32:54,940 DEBUG [main] wire:73 -  >> "GET /api/v1/employee/5803 HTTP/1.1[\r][\n]"
2022-10-12 18:32:54,941 DEBUG [main] wire:73 -  >> "Accept: */*[\r][\n]"
2022-10-12 18:32:54,941 DEBUG [main] wire:73 -  >> "Host: dummy.restapiexample.com[\r][\n]"
2022-10-12 18:32:54,942 DEBUG [main] wire:73 -  >> "Connection: Keep-Alive[\r][\n]"
2022-10-12 18:32:54,942 DEBUG [main] wire:73 -  >> "User-Agent: Apache-HttpClient/4.5.13 (Java/17.0.3.1)[\r][\n]"
2022-10-12 18:32:54,942 DEBUG [main] wire:73 -  >> "Accept-Encoding: gzip,deflate[\r][\n]"
2022-10-12 18:32:54,943 DEBUG [main] wire:73 -  >> "[\r][\n]"
2022-10-12 18:32:54,943 DEBUG [main] headers:278 - >> GET /api/v1/employee/5803 HTTP/1.1
2022-10-12 18:32:54,944 DEBUG [main] headers:281 - >> Accept: */*
2022-10-12 18:32:54,946 DEBUG [main] headers:281 - >> Host: dummy.restapiexample.com
2022-10-12 18:32:54,946 DEBUG [main] headers:281 - >> Connection: Keep-Alive
2022-10-12 18:32:54,947 DEBUG [main] headers:281 - >> User-Agent: Apache-HttpClient/4.5.13 (Java/17.0.3.1)
2022-10-12 18:32:54,948 DEBUG [main] headers:281 - >> Accept-Encoding: gzip,deflate
2022-10-12 18:32:55,624 DEBUG [main] wire:73 -  << "HTTP/1.1 429 Too Many Requests[\r][\n]"
2022-10-12 18:32:55,626 DEBUG [main] wire:73 -  << "Cache-Control: private, max-age=0, must-revalidate, no-cache, no-store[\r][\n]"
2022-10-12 18:32:55,629 DEBUG [main] wire:73 -  << "Content-Encoding: gzip[\r][\n]"
2022-10-12 18:32:55,633 DEBUG [main] wire:73 -  << "Content-Type: text/html; charset=UTF-8[\r][\n]"
2022-10-12 18:32:55,635 DEBUG [main] wire:73 -  << "Date: Wed, 12 Oct 2022 13:02:55 GMT[\r][\n]"
2022-10-12 18:32:55,637 DEBUG [main] wire:73 -  << "Display: staticcontent_sol[\r][\n]"
2022-10-12 18:32:55,640 DEBUG [main] wire:73 -  << "Expires: Tue, 11 Oct 2022 13:02:55 GMT[\r][\n]"
2022-10-12 18:32:55,642 DEBUG [main] wire:73 -  << "Host-Header: c2hhcmVkLmJsdWVob3N0LmNvbQ==[\r][\n]"
2022-10-12 18:32:55,644 DEBUG [main] wire:73 -  << "Pagespeed: off[\r][\n]"
2022-10-12 18:32:55,646 DEBUG [main] wire:73 -  << "Response: 429[\r][\n]"
2022-10-12 18:32:55,647 DEBUG [main] wire:73 -  << "Retry-After: 40[\r][\n]"
2022-10-12 18:32:55,649 DEBUG [main] wire:73 -  << "Server: nginx/1.21.6[\r][\n]"
2022-10-12 18:32:55,650 DEBUG [main] wire:73 -  << "Vary: Accept-Encoding,User-Agent,Origin[\r][\n]"
2022-10-12 18:32:55,652 DEBUG [main] wire:73 -  << "X-Endurance-Cache-Level: 2[\r][\n]"
2022-10-12 18:32:55,653 DEBUG [main] wire:73 -  << "X-Ezoic-Cdn: Miss[\r][\n]"
2022-10-12 18:32:55,654 DEBUG [main] wire:73 -  << "X-Middleton-Display: staticcontent_sol[\r][\n]"
2022-10-12 18:32:55,656 DEBUG [main] wire:73 -  << "X-Middleton-Response: 429[\r][\n]"
2022-10-12 18:32:55,658 DEBUG [main] wire:73 -  << "X-Nginx-Cache: WordPress[\r][\n]"
2022-10-12 18:32:55,660 DEBUG [main] wire:73 -  << "X-Origin-Cache-Control: no-cache, private[\r][\n]"
2022-10-12 18:32:55,661 DEBUG [main] wire:73 -  << "X-Ratelimit-Limit: 60[\r][\n]"
2022-10-12 18:32:55,662 DEBUG [main] wire:73 -  << "X-Ratelimit-Remaining: 57[\r][\n]"
2022-10-12 18:32:55,663 DEBUG [main] wire:73 -  << "X-Ratelimit-Reset: 1665579815[\r][\n]"
2022-10-12 18:32:55,664 DEBUG [main] wire:73 -  << "X-Sol: pub_site[\r][\n]"
2022-10-12 18:32:55,665 DEBUG [main] wire:73 -  << "Transfer-Encoding: chunked[\r][\n]"
2022-10-12 18:32:55,666 DEBUG [main] wire:73 -  << "[\r][\n]"
2022-10-12 18:32:55,668 DEBUG [main] DefaultClientConnection:259 - Receiving response: HTTP/1.1 429 Too Many Requests
2022-10-12 18:32:55,670 DEBUG [main] headers:262 - << HTTP/1.1 429 Too Many Requests
2022-10-12 18:32:55,672 DEBUG [main] headers:265 - << Cache-Control: private, max-age=0, must-revalidate, no-cache, no-store
2022-10-12 18:32:55,675 DEBUG [main] headers:265 - << Content-Encoding: gzip
2022-10-12 18:32:55,675 DEBUG [main] headers:265 - << Content-Type: text/html; charset=UTF-8
2022-10-12 18:32:55,681 DEBUG [main] headers:265 - << Date: Wed, 12 Oct 2022 13:02:55 GMT
2022-10-12 18:32:55,681 DEBUG [main] headers:265 - << Display: staticcontent_sol
2022-10-12 18:32:55,682 DEBUG [main] headers:265 - << Expires: Tue, 11 Oct 2022 13:02:55 GMT
2022-10-12 18:32:55,683 DEBUG [main] headers:265 - << Host-Header: c2hhcmVkLmJsdWVob3N0LmNvbQ==
2022-10-12 18:32:55,684 DEBUG [main] headers:265 - << Pagespeed: off
2022-10-12 18:32:55,685 DEBUG [main] headers:265 - << Response: 429
2022-10-12 18:32:55,685 DEBUG [main] headers:265 - << Retry-After: 40
2022-10-12 18:32:55,685 DEBUG [main] headers:265 - << Server: nginx/1.21.6
2022-10-12 18:32:55,686 DEBUG [main] headers:265 - << Vary: Accept-Encoding,User-Agent,Origin
2022-10-12 18:32:55,686 DEBUG [main] headers:265 - << X-Endurance-Cache-Level: 2
2022-10-12 18:32:55,686 DEBUG [main] headers:265 - << X-Ezoic-Cdn: Miss
2022-10-12 18:32:55,687 DEBUG [main] headers:265 - << X-Middleton-Display: staticcontent_sol
2022-10-12 18:32:55,687 DEBUG [main] headers:265 - << X-Middleton-Response: 429
2022-10-12 18:32:55,687 DEBUG [main] headers:265 - << X-Nginx-Cache: WordPress
2022-10-12 18:32:55,688 DEBUG [main] headers:265 - << X-Origin-Cache-Control: no-cache, private
2022-10-12 18:32:55,688 DEBUG [main] headers:265 - << X-Ratelimit-Limit: 60
2022-10-12 18:32:55,688 DEBUG [main] headers:265 - << X-Ratelimit-Remaining: 57
2022-10-12 18:32:55,689 DEBUG [main] headers:265 - << X-Ratelimit-Reset: 1665579815
2022-10-12 18:32:55,689 DEBUG [main] headers:265 - << X-Sol: pub_site
2022-10-12 18:32:55,690 DEBUG [main] headers:265 - << Transfer-Encoding: chunked
2022-10-12 18:32:55,690 DEBUG [main] DefaultHttpClient:504 - Connection can be kept alive indefinitely
2022-10-12 18:32:55,691 DEBUG [main] RestAssuredHttpBuilder:553 - Parsing response as: text/html; charset=UTF-8
2022-10-12 18:32:55,692 DEBUG [main] wire:73 -  << "244[\r][\n]"
2022-10-12 18:32:55,692 DEBUG [main] wire:73 -  << "[0x1f][0x8b][0x8][0x0][0x0][0x0][0x0][0x0][0x0][0xff][0x9c]UOs[0x9b]>[0x10][0xbd][0xfb]Sl[0xf4];[0xe4][0x12][0x5];[0xbf][0xd6][0x93][0x12]p[0xf][0xfd]s[0xeb][0x9f]is[0xe9]Q[0x91][0x16][0xd8]FHTZ;v;[0xfd][0xee][0x1d]L[0x12]c [0x99]Nu[0x81][0x9d][0xf7][0xf6][0xe9]iw[0x5][0xd9][0xc9][0xdb]Oo[0xae][0xbf]}~[0x7][0x15][0xd7]v5[0xcb][0xda][0x7]X[0xe5][0xca]\[0xa0][0x13][0xab][0x19][0x0]@V[0xa1]2[0xdd][0xeb]>[0xac][0x91][0x15][0xe8]J[0x85][0x88][0x9c][0x8b]5[0x17][0xf2]R[0xc]a[0xa7]j[0xcc][0xc5][0x86][0xf0][0xae][0xf1][0x81][0x5]h[0xef][0x18][0x1d][0xe7][0xe2][0x8e][0xc]W[0xb9][0xc1][\r]i[0x94][0xfb][0xe0][0xc][0xc8][0x11][0x93][0xb2]2je1_[0x88][0xd5][0xec][0xa0][0xc6][0xc4][0x16]W[0xd7][0xde][0xc3][0x7][0xe5]v[0xf0][0x5][0xac]1r[0xcc][0x92][0xe][0xe8]1O[0xa4][0x84][0xf7][0xde]q[0x4]){v,[0xb9][[0x8]hsa\[0x94]M[0xc0][0x2]YW[0x2][0xaa][0x80]E.[0x92][0xa4]hS[0xce][0xcb][0xc8][0x8a]I[0x9f]k_[0x8b]ar[0xc7][0xac][0x98][0x9b][0x98]>[0xf2][0xbd]/-[0xaa][0x86]b[0x9b][0x92][0xe8][0x18]_[0x17][0xaa]&[0xbb][0xcb]?[0xae][0x1d][0xb1][0x17][0xdd][0x96][0x91]w[0x16]c[0x85][0xc8]bh[0xf5][0xeb][0x1e]:[0xf6][0xba][0xa7][0x1f][0xe2]v[0xb5][\r]9[0x83][0x1b]ov[0xf0][0xeb][0x8]h[0xd7][0x8d][0xd2][0xb7]e[0xf0]kg[0xa4][0xf6][0xd6][0x87][0x14][0xfe]+[0x8a][0xe2]j[0xc4]{[0x0][0x97][0xff]/o[0x96][0x13]x{&[0xd9][0xf9]O[0xe1][0xb4];[0xc1][0xe9][0x19]D[0xe5][0xa2][0x8c][0x18][0xe8][0xa9][0x94];[0xa4][0xb2][0xe2][0x14][0x16][0xf3][0xf9][0x98]Q[0x1d][0xc0]M5[0x86]k[0x15]Jr)[0xc]2[0xcf][0x8e][0xc2][0xf3]bm[0xad][0xec][0xa4]&[\n]"
2022-10-12 18:32:55,693 DEBUG [main] wire:87 -  << "[0xf0][0xcc][0x1e]#![0x8b][[0xa9][0xd1]1[0x86][0x9]!e[0xa9]t[0x92][0x18][0xeb][0x98]B[0xc7][0x1a][6[0x14][0x1b][0xab]v)[0xb4]Zc[0xf8][0xfb]:2[0x15];y?[0xeb][0xd3]:C[[0x8d][0x8f][0xc4][0xe4][0x9d][0xc]XL[0xf8]z[0x80][0xd3]v[0x9e][0x14][0xd3][0x6][0x9f][0x97][0xd3][0xde][0xe0][0xd4][0xa0][0xf8]`0[0xc8][0xd0]U[0xeb][0xa2][0xd9]B[0xf4][0x96][0xcc][0x13]m[0x8d][0xf4][0x13]S[0xb8]X6[0x13][0x87]l[0x94]1[0xe4][0xca][0x14][0xe6][0xb0]x[0xd9]l[0xef][0x1f]c[0x1e][0xe3][0x96][0xe5][0xbe][0xaa]W[0x87][0x1a]cT[0xe5][0x94][0xf7][0x9e][0xa5][0xc5][0xe5][0xbf]m[0xf5][0xf0][0x96]%[0xbd][0x1b][0x96]%[0x87][0xef]Z[0xd6]^[0xb0][0xde]E4[0xb4][0x1]mU[0x8c][0xb9][0xe8][0xcf][0xcd]Q[0xb3]z[0x93])[0x8e][0xef]l?[0xbd]m[0xc8][0x0]n[0xd7][0x8b][0x8b]WG[0x19][0x89][0xa1][0xcd]j[0xf6][0xa4][0xca]}u[0x4][0xec][0xfd][0xe7][0xe2][0xb1][0xb][0x8b]y[0xb3][0xbd][0x9a][0xd0][0x1f]}0'v[0x9b][0x8][0xb3][0xa4]+D[0x96]t[0xff][0x83]?[0x0][0x0][0x0][0xff][0xff]"
2022-10-12 18:32:55,693 DEBUG [main] wire:73 -  << "[\r][\n]"
2022-10-12 18:32:55,694 DEBUG [main] wire:73 -  << "d[\r][\n]"
2022-10-12 18:32:55,695 DEBUG [main] wire:87 -  << "[0x1][0x0][0x0][0xff][0xff]e[0x9e][0xd3][0xfd] [0x6][0x0][0x0]"
2022-10-12 18:32:55,695 DEBUG [main] wire:73 -  << "[\r][\n]"
2022-10-12 18:32:55,696 DEBUG [main] wire:73 -  << "0[\r][\n]"
2022-10-12 18:32:55,697 DEBUG [main] wire:73 -  << "[\r][\n]"
2022-10-12 18:32:55,698 DEBUG [main] RestAssuredHttpBuilder:556 - Parsed data to instance of: class org.apache.http.conn.EofSensorInputStream
2022-10-12 18:33:00,711  INFO [main] EmployeesRestAPI:96 - ************ Check Content Encoding ************
2022-10-12 18:33:00,713  INFO [main] EmployeesRestAPI:99 - Content Encoding is ==> gzip
2022-10-12 18:33:00,724  INFO [main] EmployeesRestAPI:107 - ************ Check Content Length ************
2022-10-12 18:33:00,725  INFO [main] EmployeesRestAPI:110 - Content Length is ==> null
2022-10-12 18:33:00,737  INFO [main] EmployeesRestAPI:74 - ************ Checking Content Type ************
2022-10-12 18:33:00,740  INFO [main] EmployeesRestAPI:77 - Content Type is ==> null
2022-10-12 18:33:00,752  INFO [main] EmployeesRestAPI:31 - ************ Checking Response Body ************
2022-10-12 18:33:00,780 DEBUG [main] BasicClientConnectionManager:200 - Releasing connection org.apache.http.impl.conn.ManagedClientConnectionImpl@161f6623
2022-10-12 18:33:00,781 DEBUG [main] BasicClientConnectionManager:225 - Connection can be kept alive indefinitely
2022-10-12 18:33:00,782  INFO [main] EmployeesRestAPI:34 - Response Body ==> <!DOCTYPE html>
<html lang="en">
    <head>
        <meta charset="utf-8">
        <meta name="viewport" content="width=device-width, initial-scale=1">

        <title>Too Many Requests</title>

        <!-- Fonts -->
        <link rel="dns-prefetch" href="//fonts.gstatic.com">
        <link href="https://fonts.googleapis.com/css?family=Nunito" rel="stylesheet">

        <!-- Styles -->
        <style>
            html, body {
                background-color: #fff;
                color: #636b6f;
                font-family: 'Nunito', sans-serif;
                font-weight: 100;
                height: 100vh;
                margin: 0;
            }

            .full-height {
                height: 100vh;
            }

            .flex-center {
                align-items: center;
                display: flex;
                justify-content: center;
            }

            .position-ref {
                position: relative;
            }

            .code {
                border-right: 2px solid;
                font-size: 26px;
                padding: 0 15px 0 15px;
                text-align: center;
            }

            .message {
                font-size: 18px;
                text-align: center;
            }
        </style>
    </head>
    <body>
        <div class="flex-center position-ref full-height">
            <div class="code">
                429            </div>

            <div class="message" style="padding: 10px;">
                Too Many Requests            </div>
        </div>
    </body>
</html>

2022-10-12 18:33:00,785  INFO [main] EmployeesRestAPI:52 - ************ Checking Response Time ************
2022-10-12 18:33:00,786  INFO [main] EmployeesRestAPI:55 - Response Time is ==> 809
2022-10-12 18:33:00,790  INFO [main] EmployeesRestAPI:85 - ************ Check Server Type ************
2022-10-12 18:33:00,790  INFO [main] EmployeesRestAPI:88 - Server Type is ==> nginx/1.21.6
2022-10-12 18:33:00,794  INFO [main] EmployeesRestAPI:41 - ************ Checking Status Code ************
2022-10-12 18:33:00,795  INFO [main] EmployeesRestAPI:44 - Status Code is ==> 429
2022-10-12 18:33:00,800  INFO [main] EmployeesRestAPI:63 - ************ Checking Status Line ************
2022-10-12 18:33:00,800  INFO [main] EmployeesRestAPI:66 - Status Line is ==> HTTP/1.1 429 Too Many Requests
2022-10-12 18:33:00,806  INFO [main] EmployeesRestAPI:118 - ************ Finished TC002_Get_Single_Employees_Record ************
2022-10-12 18:33:00,812  INFO [main] EmployeesRestAPI:29 - ******** Started TC003_Post_Employee_Records **********
2022-10-12 18:33:00,852 DEBUG [main] BasicClientConnectionManager:161 - Get connection for route {}->http://dummy.restapiexample.com:80
2022-10-12 18:33:00,853 DEBUG [main] DefaultClientConnectionOperator:177 - Connecting to dummy.restapiexample.com:80
2022-10-12 18:33:00,890 DEBUG [main] RequestAddCookies:123 - CookieSpec selected: ignoreCookies
2022-10-12 18:33:00,890 DEBUG [main] RequestAuthCache:77 - Auth cache not set in the context
2022-10-12 18:33:00,890 DEBUG [main] RequestTargetAuthentication:80 - Target auth state: UNCHALLENGED
2022-10-12 18:33:00,891 DEBUG [main] RequestProxyAuthentication:89 - Proxy auth state: UNCHALLENGED
2022-10-12 18:33:00,891 DEBUG [main] DefaultHttpClient:677 - Attempt 1 to execute request
2022-10-12 18:33:00,892 DEBUG [main] DefaultClientConnection:274 - Sending request: POST /api/v1/create HTTP/1.1
2022-10-12 18:33:00,892 DEBUG [main] wire:73 -  >> "POST /api/v1/create HTTP/1.1[\r][\n]"
2022-10-12 18:33:00,893 DEBUG [main] wire:73 -  >> "Accept: */*[\r][\n]"
2022-10-12 18:33:00,893 DEBUG [main] wire:73 -  >> "Content-Type: application/json[\r][\n]"
2022-10-12 18:33:00,894 DEBUG [main] wire:73 -  >> "Content-Length: 44[\r][\n]"
2022-10-12 18:33:00,894 DEBUG [main] wire:73 -  >> "Host: dummy.restapiexample.com[\r][\n]"
2022-10-12 18:33:00,895 DEBUG [main] wire:73 -  >> "Connection: Keep-Alive[\r][\n]"
2022-10-12 18:33:00,896 DEBUG [main] wire:73 -  >> "User-Agent: Apache-HttpClient/4.5.13 (Java/17.0.3.1)[\r][\n]"
2022-10-12 18:33:00,896 DEBUG [main] wire:73 -  >> "Accept-Encoding: gzip,deflate[\r][\n]"
2022-10-12 18:33:00,897 DEBUG [main] wire:73 -  >> "[\r][\n]"
2022-10-12 18:33:00,898 DEBUG [main] headers:278 - >> POST /api/v1/create HTTP/1.1
2022-10-12 18:33:00,898 DEBUG [main] headers:281 - >> Accept: */*
2022-10-12 18:33:00,899 DEBUG [main] headers:281 - >> Content-Type: application/json
2022-10-12 18:33:00,900 DEBUG [main] headers:281 - >> Content-Length: 44
2022-10-12 18:33:00,900 DEBUG [main] headers:281 - >> Host: dummy.restapiexample.com
2022-10-12 18:33:00,901 DEBUG [main] headers:281 - >> Connection: Keep-Alive
2022-10-12 18:33:00,901 DEBUG [main] headers:281 - >> User-Agent: Apache-HttpClient/4.5.13 (Java/17.0.3.1)
2022-10-12 18:33:00,902 DEBUG [main] headers:281 - >> Accept-Encoding: gzip,deflate
2022-10-12 18:33:00,903 DEBUG [main] wire:87 -  >> "{"name":"Johns","salary":"GtboC","age":"lO"}"
2022-10-12 18:33:01,668 DEBUG [main] wire:73 -  << "HTTP/1.1 200 OK[\r][\n]"
2022-10-12 18:33:01,670 DEBUG [main] wire:73 -  << "Cache-Control: no-cache, private, max-age=21600[\r][\n]"
2022-10-12 18:33:01,672 DEBUG [main] wire:73 -  << "Content-Type: application/json[\r][\n]"
2022-10-12 18:33:01,674 DEBUG [main] wire:73 -  << "Date: Wed, 12 Oct 2022 13:03:01 GMT[\r][\n]"
2022-10-12 18:33:01,676 DEBUG [main] wire:73 -  << "Display: staticcontent_sol[\r][\n]"
2022-10-12 18:33:01,678 DEBUG [main] wire:73 -  << "Expires: Wed, 12 Oct 2022 19:03:01 GMT[\r][\n]"
2022-10-12 18:33:01,680 DEBUG [main] wire:73 -  << "Host-Header: c2hhcmVkLmJsdWVob3N0LmNvbQ==[\r][\n]"
2022-10-12 18:33:01,681 DEBUG [main] wire:73 -  << "Response: 200[\r][\n]"
2022-10-12 18:33:01,683 DEBUG [main] wire:73 -  << "Server: Apache[\r][\n]"
2022-10-12 18:33:01,684 DEBUG [main] wire:73 -  << "Vary: Accept-Encoding,Origin[\r][\n]"
2022-10-12 18:33:01,685 DEBUG [main] wire:73 -  << "X-Endurance-Cache-Level: 2[\r][\n]"
2022-10-12 18:33:01,687 DEBUG [main] wire:73 -  << "X-Ezoic-Cdn: Miss[\r][\n]"
2022-10-12 18:33:01,689 DEBUG [main] wire:73 -  << "X-Middleton-Display: staticcontent_sol[\r][\n]"
2022-10-12 18:33:01,692 DEBUG [main] wire:73 -  << "X-Middleton-Response: 200[\r][\n]"
2022-10-12 18:33:01,694 DEBUG [main] wire:73 -  << "X-Nginx-Cache: WordPress[\r][\n]"
2022-10-12 18:33:01,695 DEBUG [main] wire:73 -  << "X-Origin-Cache-Control: no-cache, private[\r][\n]"
2022-10-12 18:33:01,697 DEBUG [main] wire:73 -  << "X-Ratelimit-Limit: 60[\r][\n]"
2022-10-12 18:33:01,698 DEBUG [main] wire:73 -  << "X-Ratelimit-Remaining: 58[\r][\n]"
2022-10-12 18:33:01,700 DEBUG [main] wire:73 -  << "X-Sol: pub_site[\r][\n]"
2022-10-12 18:33:01,703 DEBUG [main] wire:73 -  << "Content-Length: 131[\r][\n]"
2022-10-12 18:33:01,708 DEBUG [main] wire:73 -  << "[\r][\n]"
2022-10-12 18:33:01,710 DEBUG [main] DefaultClientConnection:259 - Receiving response: HTTP/1.1 200 OK
2022-10-12 18:33:01,713 DEBUG [main] headers:262 - << HTTP/1.1 200 OK
2022-10-12 18:33:01,718 DEBUG [main] headers:265 - << Cache-Control: no-cache, private, max-age=21600
2022-10-12 18:33:01,725 DEBUG [main] headers:265 - << Content-Type: application/json
2022-10-12 18:33:01,726 DEBUG [main] headers:265 - << Date: Wed, 12 Oct 2022 13:03:01 GMT
2022-10-12 18:33:01,727 DEBUG [main] headers:265 - << Display: staticcontent_sol
2022-10-12 18:33:01,729 DEBUG [main] headers:265 - << Expires: Wed, 12 Oct 2022 19:03:01 GMT
2022-10-12 18:33:01,731 DEBUG [main] headers:265 - << Host-Header: c2hhcmVkLmJsdWVob3N0LmNvbQ==
2022-10-12 18:33:01,732 DEBUG [main] headers:265 - << Response: 200
2022-10-12 18:33:01,733 DEBUG [main] headers:265 - << Server: Apache
2022-10-12 18:33:01,734 DEBUG [main] headers:265 - << Vary: Accept-Encoding,Origin
2022-10-12 18:33:01,735 DEBUG [main] headers:265 - << X-Endurance-Cache-Level: 2
2022-10-12 18:33:01,735 DEBUG [main] headers:265 - << X-Ezoic-Cdn: Miss
2022-10-12 18:33:01,736 DEBUG [main] headers:265 - << X-Middleton-Display: staticcontent_sol
2022-10-12 18:33:01,736 DEBUG [main] headers:265 - << X-Middleton-Response: 200
2022-10-12 18:33:01,736 DEBUG [main] headers:265 - << X-Nginx-Cache: WordPress
2022-10-12 18:33:01,737 DEBUG [main] headers:265 - << X-Origin-Cache-Control: no-cache, private
2022-10-12 18:33:01,739 DEBUG [main] headers:265 - << X-Ratelimit-Limit: 60
2022-10-12 18:33:01,740 DEBUG [main] headers:265 - << X-Ratelimit-Remaining: 58
2022-10-12 18:33:01,741 DEBUG [main] headers:265 - << X-Sol: pub_site
2022-10-12 18:33:01,741 DEBUG [main] headers:265 - << Content-Length: 131
2022-10-12 18:33:01,743 DEBUG [main] DefaultHttpClient:504 - Connection can be kept alive indefinitely
2022-10-12 18:33:01,744 DEBUG [main] RestAssuredHttpBuilder:553 - Parsing response as: application/json
2022-10-12 18:33:01,744 DEBUG [main] RestAssuredHttpBuilder:556 - Parsed data to instance of: class org.apache.http.conn.EofSensorInputStream
2022-10-12 18:33:06,759  INFO [main] EmployeesRestAPI:114 - ************ Check Content Encoding ************
2022-10-12 18:33:06,760  INFO [main] EmployeesRestAPI:117 - Content Encoding is ==> null
2022-10-12 18:33:06,764  INFO [main] EmployeesRestAPI:92 - ************ Checking Content Type ************
2022-10-12 18:33:06,765  INFO [main] EmployeesRestAPI:95 - Content Type is ==> null
2022-10-12 18:33:06,778 DEBUG [main] wire:87 -  << "{"status":"success","data":{"name":"Johns","salary":"GtboC","age":"lO","id":1206},"message":"Successfully! Record has been added."}"
2022-10-12 18:33:06,778 DEBUG [main] BasicClientConnectionManager:200 - Releasing connection org.apache.http.impl.conn.ManagedClientConnectionImpl@7ca8d498
2022-10-12 18:33:06,779 DEBUG [main] BasicClientConnectionManager:225 - Connection can be kept alive indefinitely
2022-10-12 18:33:06,785  INFO [main] EmployeesRestAPI:103 - ************ Check Server Type ************
2022-10-12 18:33:06,791  INFO [main] EmployeesRestAPI:106 - Server Type is ==> Apache
2022-10-12 18:33:06,803  INFO [main] EmployeesRestAPI:70 - ************ Checking Status Code ************
2022-10-12 18:33:06,804  INFO [main] EmployeesRestAPI:73 - Status Code is ==> 200
2022-10-12 18:33:06,807  INFO [main] EmployeesRestAPI:81 - ************ Checking Status Line ************
2022-10-12 18:33:06,807  INFO [main] EmployeesRestAPI:84 - Status Line is ==> HTTP/1.1 200 OK
2022-10-12 18:33:06,810  INFO [main] EmployeesRestAPI:125 - ************ Finished TC003 Post_Employee_Records ************
2022-10-12 18:33:06,817  INFO [main] EmployeesRestAPI:29 - ******** Started TC004_Put_Employee_Record **********
2022-10-12 18:33:06,839 DEBUG [main] BasicClientConnectionManager:161 - Get connection for route {}->http://dummy.restapiexample.com:80
2022-10-12 18:33:06,840 DEBUG [main] DefaultClientConnectionOperator:177 - Connecting to dummy.restapiexample.com:80
2022-10-12 18:33:06,875 DEBUG [main] RequestAddCookies:123 - CookieSpec selected: ignoreCookies
2022-10-12 18:33:06,875 DEBUG [main] RequestAuthCache:77 - Auth cache not set in the context
2022-10-12 18:33:06,876 DEBUG [main] RequestTargetAuthentication:80 - Target auth state: UNCHALLENGED
2022-10-12 18:33:06,876 DEBUG [main] RequestProxyAuthentication:89 - Proxy auth state: UNCHALLENGED
2022-10-12 18:33:06,877 DEBUG [main] DefaultHttpClient:677 - Attempt 1 to execute request
2022-10-12 18:33:06,877 DEBUG [main] DefaultClientConnection:274 - Sending request: PUT /api/v1/update/5803 HTTP/1.1
2022-10-12 18:33:06,878 DEBUG [main] wire:73 -  >> "PUT /api/v1/update/5803 HTTP/1.1[\r][\n]"
2022-10-12 18:33:06,879 DEBUG [main] wire:73 -  >> "Accept: */*[\r][\n]"
2022-10-12 18:33:06,880 DEBUG [main] wire:73 -  >> "Content-Type: application/json[\r][\n]"
2022-10-12 18:33:06,880 DEBUG [main] wire:73 -  >> "Content-Length: 44[\r][\n]"
2022-10-12 18:33:06,881 DEBUG [main] wire:73 -  >> "Host: dummy.restapiexample.com[\r][\n]"
2022-10-12 18:33:06,881 DEBUG [main] wire:73 -  >> "Connection: Keep-Alive[\r][\n]"
2022-10-12 18:33:06,882 DEBUG [main] wire:73 -  >> "User-Agent: Apache-HttpClient/4.5.13 (Java/17.0.3.1)[\r][\n]"
2022-10-12 18:33:06,882 DEBUG [main] wire:73 -  >> "Accept-Encoding: gzip,deflate[\r][\n]"
2022-10-12 18:33:06,883 DEBUG [main] wire:73 -  >> "[\r][\n]"
2022-10-12 18:33:06,883 DEBUG [main] headers:278 - >> PUT /api/v1/update/5803 HTTP/1.1
2022-10-12 18:33:06,883 DEBUG [main] headers:281 - >> Accept: */*
2022-10-12 18:33:06,883 DEBUG [main] headers:281 - >> Content-Type: application/json
2022-10-12 18:33:06,884 DEBUG [main] headers:281 - >> Content-Length: 44
2022-10-12 18:33:06,884 DEBUG [main] headers:281 - >> Host: dummy.restapiexample.com
2022-10-12 18:33:06,884 DEBUG [main] headers:281 - >> Connection: Keep-Alive
2022-10-12 18:33:06,884 DEBUG [main] headers:281 - >> User-Agent: Apache-HttpClient/4.5.13 (Java/17.0.3.1)
2022-10-12 18:33:06,884 DEBUG [main] headers:281 - >> Accept-Encoding: gzip,deflate
2022-10-12 18:33:06,885 DEBUG [main] wire:87 -  >> "{"name":"JohnB","salary":"QmiFo","age":"cn"}"
2022-10-12 18:33:07,522 DEBUG [main] wire:73 -  << "HTTP/1.1 429 Too Many Requests[\r][\n]"
2022-10-12 18:33:07,523 DEBUG [main] wire:73 -  << "Cache-Control: private, max-age=0, must-revalidate, no-cache, no-store[\r][\n]"
2022-10-12 18:33:07,523 DEBUG [main] wire:73 -  << "Content-Encoding: gzip[\r][\n]"
2022-10-12 18:33:07,524 DEBUG [main] wire:73 -  << "Content-Type: text/html; charset=UTF-8[\r][\n]"
2022-10-12 18:33:07,524 DEBUG [main] wire:73 -  << "Date: Wed, 12 Oct 2022 13:03:07 GMT[\r][\n]"
2022-10-12 18:33:07,525 DEBUG [main] wire:73 -  << "Display: staticcontent_sol[\r][\n]"
2022-10-12 18:33:07,526 DEBUG [main] wire:73 -  << "Expires: Tue, 11 Oct 2022 13:03:07 GMT[\r][\n]"
2022-10-12 18:33:07,526 DEBUG [main] wire:73 -  << "Host-Header: c2hhcmVkLmJsdWVob3N0LmNvbQ==[\r][\n]"
2022-10-12 18:33:07,527 DEBUG [main] wire:73 -  << "Pagespeed: off[\r][\n]"
2022-10-12 18:33:07,527 DEBUG [main] wire:73 -  << "Response: 429[\r][\n]"
2022-10-12 18:33:07,527 DEBUG [main] wire:73 -  << "Retry-After: 54[\r][\n]"
2022-10-12 18:33:07,528 DEBUG [main] wire:73 -  << "Server: Apache[\r][\n]"
2022-10-12 18:33:07,529 DEBUG [main] wire:73 -  << "Vary: Accept-Encoding,Origin[\r][\n]"
2022-10-12 18:33:07,529 DEBUG [main] wire:73 -  << "X-Endurance-Cache-Level: 2[\r][\n]"
2022-10-12 18:33:07,530 DEBUG [main] wire:73 -  << "X-Ezoic-Cdn: Miss[\r][\n]"
2022-10-12 18:33:07,530 DEBUG [main] wire:73 -  << "X-Middleton-Display: staticcontent_sol[\r][\n]"
2022-10-12 18:33:07,531 DEBUG [main] wire:73 -  << "X-Middleton-Response: 429[\r][\n]"
2022-10-12 18:33:07,531 DEBUG [main] wire:73 -  << "X-Nginx-Cache: WordPress[\r][\n]"
2022-10-12 18:33:07,531 DEBUG [main] wire:73 -  << "X-Origin-Cache-Control: no-cache, private[\r][\n]"
2022-10-12 18:33:07,532 DEBUG [main] wire:73 -  << "X-Ratelimit-Limit: 60[\r][\n]"
2022-10-12 18:33:07,532 DEBUG [main] wire:73 -  << "X-Ratelimit-Remaining: 57[\r][\n]"
2022-10-12 18:33:07,533 DEBUG [main] wire:73 -  << "X-Ratelimit-Reset: 1665579841[\r][\n]"
2022-10-12 18:33:07,533 DEBUG [main] wire:73 -  << "X-Sol: pub_site[\r][\n]"
2022-10-12 18:33:07,534 DEBUG [main] wire:73 -  << "Transfer-Encoding: chunked[\r][\n]"
2022-10-12 18:33:07,534 DEBUG [main] wire:73 -  << "[\r][\n]"
2022-10-12 18:33:07,535 DEBUG [main] DefaultClientConnection:259 - Receiving response: HTTP/1.1 429 Too Many Requests
2022-10-12 18:33:07,535 DEBUG [main] headers:262 - << HTTP/1.1 429 Too Many Requests
2022-10-12 18:33:07,536 DEBUG [main] headers:265 - << Cache-Control: private, max-age=0, must-revalidate, no-cache, no-store
2022-10-12 18:33:07,536 DEBUG [main] headers:265 - << Content-Encoding: gzip
2022-10-12 18:33:07,537 DEBUG [main] headers:265 - << Content-Type: text/html; charset=UTF-8
2022-10-12 18:33:07,537 DEBUG [main] headers:265 - << Date: Wed, 12 Oct 2022 13:03:07 GMT
2022-10-12 18:33:07,538 DEBUG [main] headers:265 - << Display: staticcontent_sol
2022-10-12 18:33:07,538 DEBUG [main] headers:265 - << Expires: Tue, 11 Oct 2022 13:03:07 GMT
2022-10-12 18:33:07,539 DEBUG [main] headers:265 - << Host-Header: c2hhcmVkLmJsdWVob3N0LmNvbQ==
2022-10-12 18:33:07,539 DEBUG [main] headers:265 - << Pagespeed: off
2022-10-12 18:33:07,539 DEBUG [main] headers:265 - << Response: 429
2022-10-12 18:33:07,540 DEBUG [main] headers:265 - << Retry-After: 54
2022-10-12 18:33:07,540 DEBUG [main] headers:265 - << Server: Apache
2022-10-12 18:33:07,540 DEBUG [main] headers:265 - << Vary: Accept-Encoding,Origin
2022-10-12 18:33:07,541 DEBUG [main] headers:265 - << X-Endurance-Cache-Level: 2
2022-10-12 18:33:07,541 DEBUG [main] headers:265 - << X-Ezoic-Cdn: Miss
2022-10-12 18:33:07,541 DEBUG [main] headers:265 - << X-Middleton-Display: staticcontent_sol
2022-10-12 18:33:07,542 DEBUG [main] headers:265 - << X-Middleton-Response: 429
2022-10-12 18:33:07,542 DEBUG [main] headers:265 - << X-Nginx-Cache: WordPress
2022-10-12 18:33:07,543 DEBUG [main] headers:265 - << X-Origin-Cache-Control: no-cache, private
2022-10-12 18:33:07,543 DEBUG [main] headers:265 - << X-Ratelimit-Limit: 60
2022-10-12 18:33:07,544 DEBUG [main] headers:265 - << X-Ratelimit-Remaining: 57
2022-10-12 18:33:07,544 DEBUG [main] headers:265 - << X-Ratelimit-Reset: 1665579841
2022-10-12 18:33:07,544 DEBUG [main] headers:265 - << X-Sol: pub_site
2022-10-12 18:33:07,545 DEBUG [main] headers:265 - << Transfer-Encoding: chunked
2022-10-12 18:33:07,545 DEBUG [main] DefaultHttpClient:504 - Connection can be kept alive indefinitely
2022-10-12 18:33:07,546 DEBUG [main] RestAssuredHttpBuilder:553 - Parsing response as: text/html; charset=UTF-8
2022-10-12 18:33:07,546 DEBUG [main] wire:73 -  << "244[\r][\n]"
2022-10-12 18:33:07,547 DEBUG [main] wire:73 -  << "[0x1f][0x8b][0x8][0x0][0x0][0x0][0x0][0x0][0x0][0xff][0x9c]UOs[0x9b]>[0x10][0xbd][0xfb]Sl[0xf4];[0xe4][0x12][0x5];[0xbf][0xd6][0x93][0x12]p[0xf][0xfd]s[0xeb][0x9f]is[0xe9]Q[0x91][0x16][0xd8]FHTZ;v;[0xfd][0xee][0x1d]L[0x12]c [0x99]Nu[0x81][0x9d][0xf7][0xf6][0xe9]iw[0x5][0xd9][0xc9][0xdb]Oo[0xae][0xbf]}~[0x7][0x15][0xd7]v5[0xcb][0xda][0x7]X[0xe5][0xca]\[0xa0][0x13][0xab][0x19][0x0]@V[0xa1]2[0xdd][0xeb]>[0xac][0x91][0x15][0xe8]J[0x85][0x88][0x9c][0x8b]5[0x17][0xf2]R[0xc]a[0xa7]j[0xcc][0xc5][0x86][0xf0][0xae][0xf1][0x81][0x5]h[0xef][0x18][0x1d][0xe7][0xe2][0x8e][0xc]W[0xb9][0xc1][\r]i[0x94][0xfb][0xe0][0xc][0xc8][0x11][0x93][0xb2]2je1_[0x88][0xd5][0xec][0xa0][0xc6][0xc4][0x16]W[0xd7][0xde][0xc3][0x7][0xe5]v[0xf0][0x5][0xac]1r[0xcc][0x92][0xe][0xe8]1O[0xa4][0x84][0xf7][0xde]q[0x4]){v,[0xb9][[0x8]hsa\[0x94]M[0xc0][0x2]YW[0x2][0xaa][0x80]E.[0x92][0xa4]hS[0xce][0xcb][0xc8][0x8a]I[0x9f]k_[0x8b]ar[0xc7][0xac][0x98][0x9b][0x98]>[0xf2][0xbd]/-[0xaa][0x86]b[0x9b][0x92][0xe8][0x18]_[0x17][0xaa]&[0xbb][0xcb]?[0xae][0x1d][0xb1][0x17][0xdd][0x96][0x91]w[0x16]c[0x85][0xc8]bh[0xf5][0xeb][0x1e]:[0xf6][0xba][0xa7][0x1f][0xe2]v[0xb5][\r]9[0x83][0x1b]ov[0xf0][0xeb][0x8]h[0xd7][0x8d][0xd2][0xb7]e[0xf0]kg[0xa4][0xf6][0xd6][0x87][0x14][0xfe]+[0x8a][0xe2]j[0xc4]{[0x0][0x97][0xff]/o[0x96][0x13]x{&[0xd9][0xf9]O[0xe1][0xb4];[0xc1][0xe9][0x19]D[0xe5][0xa2][0x8c][0x18][0xe8][0xa9][0x94];[0xa4][0xb2][0xe2][0x14][0x16][0xf3][0xf9][0x98]Q[0x1d][0xc0]M5[0x86]k[0x15]Jr)[0xc]2[0xcf][0x8e][0xc2][0xf3]bm[0xad][0xec][0xa4]&[\n]"
2022-10-12 18:33:07,547 DEBUG [main] wire:87 -  << "[0xf0][0xcc][0x1e]#![0x8b][[0xa9][0xd1]1[0x86][0x9]!e[0xa9]t[0x92][0x18][0xeb][0x98]B[0xc7][0x1a][6[0x14][0x1b][0xab]v)[0xb4]Zc[0xf8][0xfb]:2[0x15];y?[0xeb][0xd3]:C[[0x8d][0x8f][0xc4][0xe4][0x9d][0xc]XL[0xf8]z[0x80][0xd3]v[0x9e][0x14][0xd3][0x6][0x9f][0x97][0xd3][0xde][0xe0][0xd4][0xa0][0xf8]`0[0xc8][0xd0]U[0xeb][0xa2][0xd9]B[0xf4][0x96][0xcc][0x13]m[0x8d][0xf4][0x13]S[0xb8]X6[0x13][0x87]l[0x94]1[0xe4][0xca][0x14][0xe6][0xb0]x[0xd9]l[0xef][0x1f]c[0x1e][0xe3][0x96][0xe5][0xbe][0xaa]W[0x87][0x1a]cT[0xe5][0x94][0xf7][0x9e][0xa5][0xc5][0xe5][0xbf]m[0xf5][0xf0][0x96]%[0xbd][0x1b][0x96]%[0x87][0xef]Z[0xd6]^[0xb0][0xde]E4[0xb4][0x1]mU[0x8c][0xb9][0xe8][0xcf][0xcd]Q[0xb3]z[0x93])[0x8e][0xef]l?[0xbd]m[0xc8][0x0]n[0xd7][0x8b][0x8b]WG[0x19][0x89][0xa1][0xcd]j[0xf6][0xa4][0xca]}u[0x4][0xec][0xfd][0xe7][0xe2][0xb1][0xb][0x8b]y[0xb3][0xbd][0x9a][0xd0][0x1f]}0'v[0x9b][0x8][0xb3][0xa4]+D[0x96]t[0xff][0x83]?[0x0][0x0][0x0][0xff][0xff]"
2022-10-12 18:33:07,547 DEBUG [main] wire:73 -  << "[\r][\n]"
2022-10-12 18:33:07,548 DEBUG [main] wire:73 -  << "d[\r][\n]"
2022-10-12 18:33:07,548 DEBUG [main] wire:87 -  << "[0x1][0x0][0x0][0xff][0xff]e[0x9e][0xd3][0xfd] [0x6][0x0][0x0]"
2022-10-12 18:33:07,549 DEBUG [main] wire:73 -  << "[\r][\n]"
2022-10-12 18:33:07,549 DEBUG [main] wire:73 -  << "0[\r][\n]"
2022-10-12 18:33:07,550 DEBUG [main] wire:73 -  << "[\r][\n]"
2022-10-12 18:33:07,550 DEBUG [main] RestAssuredHttpBuilder:556 - Parsed data to instance of: class org.apache.http.conn.EofSensorInputStream
2022-10-12 18:33:12,565  INFO [main] EmployeesRestAPI:107 - ************ Check Content Encoding ************
2022-10-12 18:33:12,566  INFO [main] EmployeesRestAPI:110 - Content Encoding is ==> gzip
2022-10-12 18:33:12,568  INFO [main] EmployeesRestAPI:85 - ************ Checking Content Type ************
2022-10-12 18:33:12,568  INFO [main] EmployeesRestAPI:88 - Content Type is ==> null
2022-10-12 18:33:12,575 DEBUG [main] BasicClientConnectionManager:200 - Releasing connection org.apache.http.impl.conn.ManagedClientConnectionImpl@1fde0371
2022-10-12 18:33:12,576 DEBUG [main] BasicClientConnectionManager:225 - Connection can be kept alive indefinitely
2022-10-12 18:33:12,580  INFO [main] EmployeesRestAPI:96 - ************ Check Server Type ************
2022-10-12 18:33:12,581  INFO [main] EmployeesRestAPI:99 - Server Type is ==> Apache
2022-10-12 18:33:12,583  INFO [main] EmployeesRestAPI:63 - ************ Checking Status Code ************
2022-10-12 18:33:12,583  INFO [main] EmployeesRestAPI:66 - Status Code is ==> 429
2022-10-12 18:33:12,585  INFO [main] EmployeesRestAPI:74 - ************ Checking Status Line ************
2022-10-12 18:33:12,585  INFO [main] EmployeesRestAPI:77 - Status Line is ==> HTTP/1.1 429 Too Many Requests
2022-10-12 18:33:12,592  INFO [main] EmployeesRestAPI:118 - ************ Finished TC004 Put_Employee_Record ************
2022-10-12 18:33:12,600  INFO [main] EmployeesRestAPI:25 - ******** Started TC005_Delete_Employee_Record **********
2022-10-12 18:33:12,616 DEBUG [main] BasicClientConnectionManager:161 - Get connection for route {}->http://dummy.restapiexample.com:80
2022-10-12 18:33:12,617 DEBUG [main] DefaultClientConnectionOperator:177 - Connecting to dummy.restapiexample.com:80
2022-10-12 18:33:12,649 DEBUG [main] RequestAddCookies:123 - CookieSpec selected: ignoreCookies
2022-10-12 18:33:12,649 DEBUG [main] RequestAuthCache:77 - Auth cache not set in the context
2022-10-12 18:33:12,650 DEBUG [main] RequestTargetAuthentication:80 - Target auth state: UNCHALLENGED
2022-10-12 18:33:12,650 DEBUG [main] RequestProxyAuthentication:89 - Proxy auth state: UNCHALLENGED
2022-10-12 18:33:12,651 DEBUG [main] DefaultHttpClient:677 - Attempt 1 to execute request
2022-10-12 18:33:12,651 DEBUG [main] DefaultClientConnection:274 - Sending request: GET /api/v1/employees HTTP/1.1
2022-10-12 18:33:12,651 DEBUG [main] wire:73 -  >> "GET /api/v1/employees HTTP/1.1[\r][\n]"
2022-10-12 18:33:12,652 DEBUG [main] wire:73 -  >> "Accept: */*[\r][\n]"
2022-10-12 18:33:12,652 DEBUG [main] wire:73 -  >> "Host: dummy.restapiexample.com[\r][\n]"
2022-10-12 18:33:12,652 DEBUG [main] wire:73 -  >> "Connection: Keep-Alive[\r][\n]"
2022-10-12 18:33:12,652 DEBUG [main] wire:73 -  >> "User-Agent: Apache-HttpClient/4.5.13 (Java/17.0.3.1)[\r][\n]"
2022-10-12 18:33:12,653 DEBUG [main] wire:73 -  >> "Accept-Encoding: gzip,deflate[\r][\n]"
2022-10-12 18:33:12,653 DEBUG [main] wire:73 -  >> "[\r][\n]"
2022-10-12 18:33:12,653 DEBUG [main] headers:278 - >> GET /api/v1/employees HTTP/1.1
2022-10-12 18:33:12,653 DEBUG [main] headers:281 - >> Accept: */*
2022-10-12 18:33:12,654 DEBUG [main] headers:281 - >> Host: dummy.restapiexample.com
2022-10-12 18:33:12,654 DEBUG [main] headers:281 - >> Connection: Keep-Alive
2022-10-12 18:33:12,655 DEBUG [main] headers:281 - >> User-Agent: Apache-HttpClient/4.5.13 (Java/17.0.3.1)
2022-10-12 18:33:12,655 DEBUG [main] headers:281 - >> Accept-Encoding: gzip,deflate
2022-10-12 18:33:13,343 DEBUG [main] wire:73 -  << "HTTP/1.1 429 Too Many Requests[\r][\n]"
2022-10-12 18:33:13,344 DEBUG [main] wire:73 -  << "Cache-Control: private, max-age=0, must-revalidate, no-cache, no-store[\r][\n]"
2022-10-12 18:33:13,345 DEBUG [main] wire:73 -  << "Content-Encoding: gzip[\r][\n]"
2022-10-12 18:33:13,346 DEBUG [main] wire:73 -  << "Content-Type: text/html; charset=UTF-8[\r][\n]"
2022-10-12 18:33:13,346 DEBUG [main] wire:73 -  << "Date: Wed, 12 Oct 2022 13:03:13 GMT[\r][\n]"
2022-10-12 18:33:13,347 DEBUG [main] wire:73 -  << "Display: staticcontent_sol[\r][\n]"
2022-10-12 18:33:13,347 DEBUG [main] wire:73 -  << "Expires: Tue, 11 Oct 2022 13:03:13 GMT[\r][\n]"
2022-10-12 18:33:13,348 DEBUG [main] wire:73 -  << "Host-Header: c2hhcmVkLmJsdWVob3N0LmNvbQ==[\r][\n]"
2022-10-12 18:33:13,348 DEBUG [main] wire:73 -  << "Pagespeed: off[\r][\n]"
2022-10-12 18:33:13,349 DEBUG [main] wire:73 -  << "Response: 429[\r][\n]"
2022-10-12 18:33:13,349 DEBUG [main] wire:73 -  << "Retry-After: 38[\r][\n]"
2022-10-12 18:33:13,350 DEBUG [main] wire:73 -  << "Server: nginx/1.21.6[\r][\n]"
2022-10-12 18:33:13,350 DEBUG [main] wire:73 -  << "Vary: Accept-Encoding,User-Agent,Origin[\r][\n]"
2022-10-12 18:33:13,351 DEBUG [main] wire:73 -  << "X-Endurance-Cache-Level: 2[\r][\n]"
2022-10-12 18:33:13,351 DEBUG [main] wire:73 -  << "X-Ezoic-Cdn: Miss[\r][\n]"
2022-10-12 18:33:13,352 DEBUG [main] wire:73 -  << "X-Middleton-Display: staticcontent_sol[\r][\n]"
2022-10-12 18:33:13,353 DEBUG [main] wire:73 -  << "X-Middleton-Response: 429[\r][\n]"
2022-10-12 18:33:13,353 DEBUG [main] wire:73 -  << "X-Nginx-Cache: WordPress[\r][\n]"
2022-10-12 18:33:13,353 DEBUG [main] wire:73 -  << "X-Origin-Cache-Control: no-cache, private[\r][\n]"
2022-10-12 18:33:13,354 DEBUG [main] wire:73 -  << "X-Ratelimit-Limit: 60[\r][\n]"
2022-10-12 18:33:13,356 DEBUG [main] wire:73 -  << "X-Ratelimit-Remaining: 57[\r][\n]"
2022-10-12 18:33:13,356 DEBUG [main] wire:73 -  << "X-Ratelimit-Reset: 1665579831[\r][\n]"
2022-10-12 18:33:13,357 DEBUG [main] wire:73 -  << "X-Sol: pub_site[\r][\n]"
2022-10-12 18:33:13,357 DEBUG [main] wire:73 -  << "Transfer-Encoding: chunked[\r][\n]"
2022-10-12 18:33:13,358 DEBUG [main] wire:73 -  << "[\r][\n]"
2022-10-12 18:33:13,358 DEBUG [main] DefaultClientConnection:259 - Receiving response: HTTP/1.1 429 Too Many Requests
2022-10-12 18:33:13,359 DEBUG [main] headers:262 - << HTTP/1.1 429 Too Many Requests
2022-10-12 18:33:13,359 DEBUG [main] headers:265 - << Cache-Control: private, max-age=0, must-revalidate, no-cache, no-store
2022-10-12 18:33:13,360 DEBUG [main] headers:265 - << Content-Encoding: gzip
2022-10-12 18:33:13,360 DEBUG [main] headers:265 - << Content-Type: text/html; charset=UTF-8
2022-10-12 18:33:13,361 DEBUG [main] headers:265 - << Date: Wed, 12 Oct 2022 13:03:13 GMT
2022-10-12 18:33:13,361 DEBUG [main] headers:265 - << Display: staticcontent_sol
2022-10-12 18:33:13,362 DEBUG [main] headers:265 - << Expires: Tue, 11 Oct 2022 13:03:13 GMT
2022-10-12 18:33:13,362 DEBUG [main] headers:265 - << Host-Header: c2hhcmVkLmJsdWVob3N0LmNvbQ==
2022-10-12 18:33:13,362 DEBUG [main] headers:265 - << Pagespeed: off
2022-10-12 18:33:13,363 DEBUG [main] headers:265 - << Response: 429
2022-10-12 18:33:13,363 DEBUG [main] headers:265 - << Retry-After: 38
2022-10-12 18:33:13,364 DEBUG [main] headers:265 - << Server: nginx/1.21.6
2022-10-12 18:33:13,364 DEBUG [main] headers:265 - << Vary: Accept-Encoding,User-Agent,Origin
2022-10-12 18:33:13,364 DEBUG [main] headers:265 - << X-Endurance-Cache-Level: 2
2022-10-12 18:33:13,365 DEBUG [main] headers:265 - << X-Ezoic-Cdn: Miss
2022-10-12 18:33:13,365 DEBUG [main] headers:265 - << X-Middleton-Display: staticcontent_sol
2022-10-12 18:33:13,365 DEBUG [main] headers:265 - << X-Middleton-Response: 429
2022-10-12 18:33:13,366 DEBUG [main] headers:265 - << X-Nginx-Cache: WordPress
2022-10-12 18:33:13,366 DEBUG [main] headers:265 - << X-Origin-Cache-Control: no-cache, private
2022-10-12 18:33:13,366 DEBUG [main] headers:265 - << X-Ratelimit-Limit: 60
2022-10-12 18:33:13,366 DEBUG [main] headers:265 - << X-Ratelimit-Remaining: 57
2022-10-12 18:33:13,367 DEBUG [main] headers:265 - << X-Ratelimit-Reset: 1665579831
2022-10-12 18:33:13,367 DEBUG [main] headers:265 - << X-Sol: pub_site
2022-10-12 18:33:13,367 DEBUG [main] headers:265 - << Transfer-Encoding: chunked
2022-10-12 18:33:13,368 DEBUG [main] DefaultHttpClient:504 - Connection can be kept alive indefinitely
2022-10-12 18:33:13,368 DEBUG [main] RestAssuredHttpBuilder:553 - Parsing response as: text/html; charset=UTF-8
2022-10-12 18:33:13,369 DEBUG [main] wire:73 -  << "244[\r][\n]"
2022-10-12 18:33:13,369 DEBUG [main] wire:73 -  << "[0x1f][0x8b][0x8][0x0][0x0][0x0][0x0][0x0][0x0][0xff][0x9c]UOs[0x9b]>[0x10][0xbd][0xfb]Sl[0xf4];[0xe4][0x12][0x5];[0xbf][0xd6][0x93][0x12]p[0xf][0xfd]s[0xeb][0x9f]is[0xe9]Q[0x91][0x16][0xd8]FHTZ;v;[0xfd][0xee][0x1d]L[0x12]c [0x99]Nu[0x81][0x9d][0xf7][0xf6][0xe9]iw[0x5][0xd9][0xc9][0xdb]Oo[0xae][0xbf]}~[0x7][0x15][0xd7]v5[0xcb][0xda][0x7]X[0xe5][0xca]\[0xa0][0x13][0xab][0x19][0x0]@V[0xa1]2[0xdd][0xeb]>[0xac][0x91][0x15][0xe8]J[0x85][0x88][0x9c][0x8b]5[0x17][0xf2]R[0xc]a[0xa7]j[0xcc][0xc5][0x86][0xf0][0xae][0xf1][0x81][0x5]h[0xef][0x18][0x1d][0xe7][0xe2][0x8e][0xc]W[0xb9][0xc1][\r]i[0x94][0xfb][0xe0][0xc][0xc8][0x11][0x93][0xb2]2je1_[0x88][0xd5][0xec][0xa0][0xc6][0xc4][0x16]W[0xd7][0xde][0xc3][0x7][0xe5]v[0xf0][0x5][0xac]1r[0xcc][0x92][0xe][0xe8]1O[0xa4][0x84][0xf7][0xde]q[0x4]){v,[0xb9][[0x8]hsa\[0x94]M[0xc0][0x2]YW[0x2][0xaa][0x80]E.[0x92][0xa4]hS[0xce][0xcb][0xc8][0x8a]I[0x9f]k_[0x8b]ar[0xc7][0xac][0x98][0x9b][0x98]>[0xf2][0xbd]/-[0xaa][0x86]b[0x9b][0x92][0xe8][0x18]_[0x17][0xaa]&[0xbb][0xcb]?[0xae][0x1d][0xb1][0x17][0xdd][0x96][0x91]w[0x16]c[0x85][0xc8]bh[0xf5][0xeb][0x1e]:[0xf6][0xba][0xa7][0x1f][0xe2]v[0xb5][\r]9[0x83][0x1b]ov[0xf0][0xeb][0x8]h[0xd7][0x8d][0xd2][0xb7]e[0xf0]kg[0xa4][0xf6][0xd6][0x87][0x14][0xfe]+[0x8a][0xe2]j[0xc4]{[0x0][0x97][0xff]/o[0x96][0x13]x{&[0xd9][0xf9]O[0xe1][0xb4];[0xc1][0xe9][0x19]D[0xe5][0xa2][0x8c][0x18][0xe8][0xa9][0x94];[0xa4][0xb2][0xe2][0x14][0x16][0xf3][0xf9][0x98]Q[0x1d][0xc0]M5[0x86]k[0x15]Jr)[0xc]2[0xcf][0x8e][0xc2][0xf3]bm[0xad][0xec][0xa4]&[\n]"
2022-10-12 18:33:13,369 DEBUG [main] wire:87 -  << "[0xf0][0xcc][0x1e]#![0x8b][[0xa9][0xd1]1[0x86][0x9]!e[0xa9]t[0x92][0x18][0xeb][0x98]B[0xc7][0x1a][6[0x14][0x1b][0xab]v)[0xb4]Zc[0xf8][0xfb]:2[0x15];y?[0xeb][0xd3]:C[[0x8d][0x8f][0xc4][0xe4][0x9d][0xc]XL[0xf8]z[0x80][0xd3]v[0x9e][0x14][0xd3][0x6][0x9f][0x97][0xd3][0xde][0xe0][0xd4][0xa0][0xf8]`0[0xc8][0xd0]U[0xeb][0xa2][0xd9]B[0xf4][0x96][0xcc][0x13]m[0x8d][0xf4][0x13]S[0xb8]X6[0x13][0x87]l[0x94]1[0xe4][0xca][0x14][0xe6][0xb0]x[0xd9]l[0xef][0x1f]c[0x1e][0xe3][0x96][0xe5][0xbe][0xaa]W[0x87][0x1a]cT[0xe5][0x94][0xf7][0x9e][0xa5][0xc5][0xe5][0xbf]m[0xf5][0xf0][0x96]%[0xbd][0x1b][0x96]%[0x87][0xef]Z[0xd6]^[0xb0][0xde]E4[0xb4][0x1]mU[0x8c][0xb9][0xe8][0xcf][0xcd]Q[0xb3]z[0x93])[0x8e][0xef]l?[0xbd]m[0xc8][0x0]n[0xd7][0x8b][0x8b]WG[0x19][0x89][0xa1][0xcd]j[0xf6][0xa4][0xca]}u[0x4][0xec][0xfd][0xe7][0xe2][0xb1][0xb][0x8b]y[0xb3][0xbd][0x9a][0xd0][0x1f]}0'v[0x9b][0x8][0xb3][0xa4]+D[0x96]t[0xff][0x83]?[0x0][0x0][0x0][0xff][0xff]"
2022-10-12 18:33:13,370 DEBUG [main] wire:73 -  << "[\r][\n]"
2022-10-12 18:33:13,370 DEBUG [main] wire:73 -  << "d[\r][\n]"
2022-10-12 18:33:13,371 DEBUG [main] wire:87 -  << "[0x1][0x0][0x0][0xff][0xff]e[0x9e][0xd3][0xfd] [0x6][0x0][0x0]"
2022-10-12 18:33:13,371 DEBUG [main] wire:73 -  << "[\r][\n]"
2022-10-12 18:33:13,372 DEBUG [main] wire:73 -  << "0[\r][\n]"
2022-10-12 18:33:13,372 DEBUG [main] wire:73 -  << "[\r][\n]"
2022-10-12 18:33:13,373 DEBUG [main] RestAssuredHttpBuilder:556 - Parsed data to instance of: class org.apache.http.conn.EofSensorInputStream
2022-10-12 18:33:13,396 DEBUG [main] BasicClientConnectionManager:200 - Releasing connection org.apache.http.impl.conn.ManagedClientConnectionImpl@13275d8
2022-10-12 18:33:13,396 DEBUG [main] BasicClientConnectionManager:225 - Connection can be kept alive indefinitely
2022-10-12 18:33:13,581 DEBUG [main] cache:45 - Couldn't find template in cache for "v3html/v3-html-index.ftl"("en", UTF-8, parsed); will try to load it.
2022-10-12 18:33:13,582 DEBUG [main] cache:45 - TemplateLoader.findTemplateSource("v3html/v3-html-index_en.ftl"): Not found
2022-10-12 18:33:13,588 DEBUG [main] cache:45 - TemplateLoader.findTemplateSource("v3html/v3-html-index.ftl"): Found
2022-10-12 18:33:13,589 DEBUG [main] cache:45 - Loading template for "v3html/v3-html-index.ftl"("en", UTF-8, parsed) from "jar:file:/C:/Users/PawanQA/.m2/repository/com/aventstack/extentreports/4.0.9/extentreports-4.0.9.jar!/com/aventstack/extentreports/view/v3html/v3-html-index.ftl"
2022-10-12 18:33:13,934 DEBUG [main] cache:45 - Couldn't find template in cache for "v3html/v3-html-head.ftl"("en", UTF-8, parsed); will try to load it.
2022-10-12 18:33:13,935 DEBUG [main] cache:45 - TemplateLoader.findTemplateSource("v3html/v3-html-head_en.ftl"): Not found
2022-10-12 18:33:13,936 DEBUG [main] cache:45 - TemplateLoader.findTemplateSource("v3html/v3-html-head.ftl"): Found
2022-10-12 18:33:13,936 DEBUG [main] cache:45 - Loading template for "v3html/v3-html-head.ftl"("en", UTF-8, parsed) from "jar:file:/C:/Users/PawanQA/.m2/repository/com/aventstack/extentreports/4.0.9/extentreports-4.0.9.jar!/com/aventstack/extentreports/view/v3html/v3-html-head.ftl"
2022-10-12 18:33:13,945 DEBUG [main] cache:45 - Couldn't find template in cache for "v3html/v3-html-nav.ftl"("en", UTF-8, parsed); will try to load it.
2022-10-12 18:33:13,946 DEBUG [main] cache:45 - TemplateLoader.findTemplateSource("v3html/v3-html-nav_en.ftl"): Not found
2022-10-12 18:33:13,947 DEBUG [main] cache:45 - TemplateLoader.findTemplateSource("v3html/v3-html-nav.ftl"): Found
2022-10-12 18:33:13,947 DEBUG [main] cache:45 - Loading template for "v3html/v3-html-nav.ftl"("en", UTF-8, parsed) from "jar:file:/C:/Users/PawanQA/.m2/repository/com/aventstack/extentreports/4.0.9/extentreports-4.0.9.jar!/com/aventstack/extentreports/view/v3html/v3-html-nav.ftl"
2022-10-12 18:33:13,969 DEBUG [main] cache:45 - Couldn't find template in cache for "v3html/test-view/v3-html-test-view.ftl"("en", UTF-8, parsed); will try to load it.
2022-10-12 18:33:13,971 DEBUG [main] cache:45 - TemplateLoader.findTemplateSource("v3html/test-view/v3-html-test-view_en.ftl"): Not found
2022-10-12 18:33:13,975 DEBUG [main] cache:45 - TemplateLoader.findTemplateSource("v3html/test-view/v3-html-test-view.ftl"): Found
2022-10-12 18:33:13,975 DEBUG [main] cache:45 - Loading template for "v3html/test-view/v3-html-test-view.ftl"("en", UTF-8, parsed) from "jar:file:/C:/Users/PawanQA/.m2/repository/com/aventstack/extentreports/4.0.9/extentreports-4.0.9.jar!/com/aventstack/extentreports/view/v3html/test-view/v3-html-test-view.ftl"
2022-10-12 18:33:14,013 DEBUG [main] cache:45 - Couldn't find template in cache for "v3html/test-view/v3-html-test-view-charts.ftl"("en", UTF-8, parsed); will try to load it.
2022-10-12 18:33:14,014 DEBUG [main] cache:45 - TemplateLoader.findTemplateSource("v3html/test-view/v3-html-test-view-charts_en.ftl"): Not found
2022-10-12 18:33:14,016 DEBUG [main] cache:45 - TemplateLoader.findTemplateSource("v3html/test-view/v3-html-test-view-charts.ftl"): Found
2022-10-12 18:33:14,016 DEBUG [main] cache:45 - Loading template for "v3html/test-view/v3-html-test-view-charts.ftl"("en", UTF-8, parsed) from "jar:file:/C:/Users/PawanQA/.m2/repository/com/aventstack/extentreports/4.0.9/extentreports-4.0.9.jar!/com/aventstack/extentreports/view/v3html/test-view/v3-html-test-view-charts.ftl"
2022-10-12 18:33:14,047 DEBUG [main] cache:45 - Couldn't find template in cache for "v3html/test-view/v3-html-standard.ftl"("en", UTF-8, parsed); will try to load it.
2022-10-12 18:33:14,048 DEBUG [main] cache:45 - TemplateLoader.findTemplateSource("v3html/test-view/v3-html-standard_en.ftl"): Not found
2022-10-12 18:33:14,049 DEBUG [main] cache:45 - TemplateLoader.findTemplateSource("v3html/test-view/v3-html-standard.ftl"): Found
2022-10-12 18:33:14,049 DEBUG [main] cache:45 - Loading template for "v3html/test-view/v3-html-standard.ftl"("en", UTF-8, parsed) from "jar:file:/C:/Users/PawanQA/.m2/repository/com/aventstack/extentreports/4.0.9/extentreports-4.0.9.jar!/com/aventstack/extentreports/view/v3html/test-view/v3-html-standard.ftl"
2022-10-12 18:33:14,093 DEBUG [main] cache:45 - "v3html/test-view/v3-html-standard.ftl"("en", UTF-8, parsed) cached copy not yet stale; using cached.
2022-10-12 18:33:14,113 DEBUG [main] cache:45 - "v3html/test-view/v3-html-standard.ftl"("en", UTF-8, parsed) cached copy not yet stale; using cached.
2022-10-12 18:33:14,116 DEBUG [main] cache:45 - "v3html/test-view/v3-html-standard.ftl"("en", UTF-8, parsed) cached copy not yet stale; using cached.
2022-10-12 18:33:14,119 DEBUG [main] cache:45 - "v3html/test-view/v3-html-standard.ftl"("en", UTF-8, parsed) cached copy not yet stale; using cached.
2022-10-12 18:33:14,123 DEBUG [main] cache:45 - "v3html/test-view/v3-html-standard.ftl"("en", UTF-8, parsed) cached copy not yet stale; using cached.
2022-10-12 18:33:14,125 DEBUG [main] cache:45 - "v3html/test-view/v3-html-standard.ftl"("en", UTF-8, parsed) cached copy not yet stale; using cached.
2022-10-12 18:33:14,128 DEBUG [main] cache:45 - "v3html/test-view/v3-html-standard.ftl"("en", UTF-8, parsed) cached copy not yet stale; using cached.
2022-10-12 18:33:14,139 DEBUG [main] cache:45 - "v3html/test-view/v3-html-standard.ftl"("en", UTF-8, parsed) cached copy not yet stale; using cached.
2022-10-12 18:33:14,140 DEBUG [main] cache:45 - "v3html/test-view/v3-html-standard.ftl"("en", UTF-8, parsed) cached copy not yet stale; using cached.
2022-10-12 18:33:14,141 DEBUG [main] cache:45 - "v3html/test-view/v3-html-standard.ftl"("en", UTF-8, parsed) cached copy not yet stale; using cached.
2022-10-12 18:33:14,142 DEBUG [main] cache:45 - "v3html/test-view/v3-html-standard.ftl"("en", UTF-8, parsed) cached copy not yet stale; using cached.
2022-10-12 18:33:14,143 DEBUG [main] cache:45 - "v3html/test-view/v3-html-standard.ftl"("en", UTF-8, parsed) cached copy not yet stale; using cached.
2022-10-12 18:33:14,146 DEBUG [main] cache:45 - "v3html/test-view/v3-html-standard.ftl"("en", UTF-8, parsed) cached copy not yet stale; using cached.
2022-10-12 18:33:14,148 DEBUG [main] cache:45 - "v3html/test-view/v3-html-standard.ftl"("en", UTF-8, parsed) cached copy not yet stale; using cached.
2022-10-12 18:33:14,161 DEBUG [main] cache:45 - "v3html/test-view/v3-html-standard.ftl"("en", UTF-8, parsed) cached copy not yet stale; using cached.
2022-10-12 18:33:14,240 DEBUG [main] cache:45 - "v3html/test-view/v3-html-standard.ftl"("en", UTF-8, parsed) cached copy not yet stale; using cached.
2022-10-12 18:33:14,251 DEBUG [main] cache:45 - "v3html/test-view/v3-html-standard.ftl"("en", UTF-8, parsed) cached copy not yet stale; using cached.
2022-10-12 18:33:14,253 DEBUG [main] cache:45 - "v3html/test-view/v3-html-standard.ftl"("en", UTF-8, parsed) cached copy not yet stale; using cached.
2022-10-12 18:33:14,255 DEBUG [main] cache:45 - "v3html/test-view/v3-html-standard.ftl"("en", UTF-8, parsed) cached copy not yet stale; using cached.
2022-10-12 18:33:14,257 DEBUG [main] cache:45 - "v3html/test-view/v3-html-standard.ftl"("en", UTF-8, parsed) cached copy not yet stale; using cached.
2022-10-12 18:33:14,258 DEBUG [main] cache:45 - "v3html/test-view/v3-html-standard.ftl"("en", UTF-8, parsed) cached copy not yet stale; using cached.
2022-10-12 18:33:14,260 DEBUG [main] cache:45 - "v3html/test-view/v3-html-standard.ftl"("en", UTF-8, parsed) cached copy not yet stale; using cached.
2022-10-12 18:33:14,262 DEBUG [main] cache:45 - "v3html/test-view/v3-html-standard.ftl"("en", UTF-8, parsed) cached copy not yet stale; using cached.
2022-10-12 18:33:14,263 DEBUG [main] cache:45 - "v3html/test-view/v3-html-standard.ftl"("en", UTF-8, parsed) cached copy not yet stale; using cached.
2022-10-12 18:33:14,268 DEBUG [main] cache:45 - Couldn't find template in cache for "v3html/category-view/v3-html-category-view.ftl"("en", UTF-8, parsed); will try to load it.
2022-10-12 18:33:14,269 DEBUG [main] cache:45 - TemplateLoader.findTemplateSource("v3html/category-view/v3-html-category-view_en.ftl"): Not found
2022-10-12 18:33:14,270 DEBUG [main] cache:45 - TemplateLoader.findTemplateSource("v3html/category-view/v3-html-category-view.ftl"): Found
2022-10-12 18:33:14,271 DEBUG [main] cache:45 - Loading template for "v3html/category-view/v3-html-category-view.ftl"("en", UTF-8, parsed) from "jar:file:/C:/Users/PawanQA/.m2/repository/com/aventstack/extentreports/4.0.9/extentreports-4.0.9.jar!/com/aventstack/extentreports/view/v3html/category-view/v3-html-category-view.ftl"
2022-10-12 18:33:14,278 DEBUG [main] cache:45 - Couldn't find template in cache for "v3html/exception-view/v3-html-exception-view.ftl"("en", UTF-8, parsed); will try to load it.
2022-10-12 18:33:14,280 DEBUG [main] cache:45 - TemplateLoader.findTemplateSource("v3html/exception-view/v3-html-exception-view_en.ftl"): Not found
2022-10-12 18:33:14,281 DEBUG [main] cache:45 - TemplateLoader.findTemplateSource("v3html/exception-view/v3-html-exception-view.ftl"): Found
2022-10-12 18:33:14,282 DEBUG [main] cache:45 - Loading template for "v3html/exception-view/v3-html-exception-view.ftl"("en", UTF-8, parsed) from "jar:file:/C:/Users/PawanQA/.m2/repository/com/aventstack/extentreports/4.0.9/extentreports-4.0.9.jar!/com/aventstack/extentreports/view/v3html/exception-view/v3-html-exception-view.ftl"
2022-10-12 18:33:14,289 DEBUG [main] cache:45 - Couldn't find template in cache for "v3html/author-view/v3-html-author-view.ftl"("en", UTF-8, parsed); will try to load it.
2022-10-12 18:33:14,289 DEBUG [main] cache:45 - TemplateLoader.findTemplateSource("v3html/author-view/v3-html-author-view_en.ftl"): Not found
2022-10-12 18:33:14,290 DEBUG [main] cache:45 - TemplateLoader.findTemplateSource("v3html/author-view/v3-html-author-view.ftl"): Found
2022-10-12 18:33:14,291 DEBUG [main] cache:45 - Loading template for "v3html/author-view/v3-html-author-view.ftl"("en", UTF-8, parsed) from "jar:file:/C:/Users/PawanQA/.m2/repository/com/aventstack/extentreports/4.0.9/extentreports-4.0.9.jar!/com/aventstack/extentreports/view/v3html/author-view/v3-html-author-view.ftl"
2022-10-12 18:33:14,300 DEBUG [main] cache:45 - Couldn't find template in cache for "v3html/dashboard-view/v3-html-dashboard-view.ftl"("en", UTF-8, parsed); will try to load it.
2022-10-12 18:33:14,301 DEBUG [main] cache:45 - TemplateLoader.findTemplateSource("v3html/dashboard-view/v3-html-dashboard-view_en.ftl"): Not found
2022-10-12 18:33:14,302 DEBUG [main] cache:45 - TemplateLoader.findTemplateSource("v3html/dashboard-view/v3-html-dashboard-view.ftl"): Found
2022-10-12 18:33:14,307 DEBUG [main] cache:45 - Loading template for "v3html/dashboard-view/v3-html-dashboard-view.ftl"("en", UTF-8, parsed) from "jar:file:/C:/Users/PawanQA/.m2/repository/com/aventstack/extentreports/4.0.9/extentreports-4.0.9.jar!/com/aventstack/extentreports/view/v3html/dashboard-view/v3-html-dashboard-view.ftl"
2022-10-12 18:33:14,322 DEBUG [main] cache:45 - Couldn't find template in cache for "v3html/logs-view/v3-html-testrunner-logs-view.ftl"("en", UTF-8, parsed); will try to load it.
2022-10-12 18:33:14,323 DEBUG [main] cache:45 - TemplateLoader.findTemplateSource("v3html/logs-view/v3-html-testrunner-logs-view_en.ftl"): Not found
2022-10-12 18:33:14,324 DEBUG [main] cache:45 - TemplateLoader.findTemplateSource("v3html/logs-view/v3-html-testrunner-logs-view.ftl"): Found
2022-10-12 18:33:14,324 DEBUG [main] cache:45 - Loading template for "v3html/logs-view/v3-html-testrunner-logs-view.ftl"("en", UTF-8, parsed) from "jar:file:/C:/Users/PawanQA/.m2/repository/com/aventstack/extentreports/4.0.9/extentreports-4.0.9.jar!/com/aventstack/extentreports/view/v3html/logs-view/v3-html-testrunner-logs-view.ftl"
